2024-03-07 09:03:48,618 [[1;34mINFO[0;39m] [main] c.s.s.SunApplication [36m[StartupInfoLogger.java:55][0;39m Starting SunApplication v1.4.0 using Java 1.8.0_402 on c22ddc1a2a34 with PID 1 (/sun/sun.jar started by ? in /sun)
2024-03-07 09:03:48,633 [[1;34mINFO[0;39m] [main] c.s.s.SunApplication [36m[SpringApplication.java:659][0;39m No active profile set, falling back to default profiles: default
2024-03-07 09:03:50,180 [[1;34mINFO[0;39m] [main] o.s.d.r.c.RepositoryConfigurationDelegate [36m[RepositoryConfigurationDelegate.java:132][0;39m Bootstrapping Spring Data JPA repositories in DEFAULT mode.
2024-03-07 09:03:51,046 [[1;34mINFO[0;39m] [main] o.s.d.r.c.RepositoryConfigurationDelegate [36m[RepositoryConfigurationDelegate.java:201][0;39m Finished Spring Data repository scanning in 857 ms. Found 139 JPA repository interfaces.
2024-03-07 09:03:51,780 [[1;34mINFO[0;39m] [main] c.s.s.b.GenericCandidateResolverConfigurator [36m[GenericCandidateResolverConfigurator.java:100][0;39m No environment aware qualifier autowired candidate resolver found. New will be created
2024-03-07 09:03:52,286 [[1;34mINFO[0;39m] [main] o.s.b.w.e.t.TomcatWebServer [36m[TomcatWebServer.java:108][0;39m Tomcat initialized with port(s): 8080 (http)
2024-03-07 09:03:52,343 [[1;34mINFO[0;39m] [main] o.s.b.w.s.c.ServletWebServerApplicationContext [36m[ServletWebServerApplicationContext.java:290][0;39m Root WebApplicationContext: initialization completed in 3612 ms
2024-03-07 09:03:52,542 [[1;34mINFO[0;39m] [main] o.f.c.i.l.VersionPrinter [36m[Slf4jLog.java:49][0;39m Flyway Community Edition 7.7.3 by Redgate
2024-03-07 09:03:52,725 [[1;34mINFO[0;39m] [main] o.f.c.i.d.b.DatabaseType [36m[Slf4jLog.java:49][0;39m Database: jdbc:postgresql://mic-postgres:5432/smartpm_cell (PostgreSQL 9.6)
2024-03-07 09:03:52,866 [[1;34mINFO[0;39m] [main] o.f.c.i.c.DbValidate [36m[Slf4jLog.java:49][0;39m Successfully validated 260 migrations (execution time 00:00.095s)
2024-03-07 09:03:52,877 [[1;34mINFO[0;39m] [main] o.f.c.i.c.DbMigrate [36m[Slf4jLog.java:49][0;39m Current version of schema "public": 1.259
2024-03-07 09:03:52,879 [[1;34mINFO[0;39m] [main] o.f.c.i.c.DbMigrate [36m[Slf4jLog.java:49][0;39m Schema "public" is up to date. No migration necessary.
2024-03-07 09:03:53,067 [[1;34mINFO[0;39m] [main] o.h.j.i.u.LogHelper [36m[LogHelper.java:31][0;39m HHH000204: Processing PersistenceUnitInfo [name: default]
2024-03-07 09:03:53,173 [[1;34mINFO[0;39m] [main] o.h.Version [36m[Version.java:44][0;39m HHH000412: Hibernate ORM core version 5.4.32.Final
2024-03-07 09:03:53,350 [[1;34mINFO[0;39m] [main] o.h.a.c.Version [36m[JavaReflectionManager.java:56][0;39m HCANN000001: Hibernate Commons Annotations {5.1.2.Final}
2024-03-07 09:03:53,532 [[1;34mINFO[0;39m] [main] o.h.d.Dialect [36m[Dialect.java:175][0;39m HHH000400: Using dialect: org.hibernate.dialect.PostgreSQLDialect
2024-03-07 09:03:53,648 [[1;34mINFO[0;39m] [main] o.h.e.b.i.EnversServiceImpl [36m[EnversServiceImpl.java:97][0;39m Envers integration enabled? : true
2024-03-07 09:03:58,564 [[1;34mINFO[0;39m] [main] o.h.e.t.j.p.i.JtaPlatformInitiator [36m[JtaPlatformInitiator.java:52][0;39m HHH000490: Using JtaPlatform implementation: [org.hibernate.engine.transaction.jta.platform.internal.NoJtaPlatform]
2024-03-07 09:03:58,580 [[1;34mINFO[0;39m] [main] o.s.o.j.LocalContainerEntityManagerFactoryBean [36m[AbstractEntityManagerFactoryBean.java:437][0;39m Initialized JPA EntityManagerFactory for persistence unit 'default'
2024-03-07 09:04:00,780 [[1;31mERROR[0;39m] [main] c.s.s.s.StorageManagerService [36m[StorageManagerService.java:48][0;39m Error parsing storage manager configuration FACTORY_LAB...GENERIC CONFIG will be used
2024-03-07 09:04:00,927 [[1;31mERROR[0;39m] [main] c.s.s.p.PlannerService [36m[PlannerService.java:94][0;39m Error parsing planner configuration SIMPLE...GENERIC CONFIG will be used
2024-03-07 09:04:10,398 [[1;33mWARN[0;39m] [main] o.s.b.a.o.j.JpaBaseConfiguration$JpaWebConfiguration [36m[JpaBaseConfiguration.java:219][0;39m spring.jpa.open-in-view is enabled by default. Therefore, database queries may be performed during view rendering. Explicitly configure spring.jpa.open-in-view to disable this warning
2024-03-07 09:04:10,770 [[1;34mINFO[0;39m] [main] c.s.s.z.ZollerDemo [36m[ZollerDemo.java:61][0;39m Zoller demo will be disabled. Cell name is IKERLAN. To enable set cell name to Cell007
2024-03-07 09:04:10,856 [[1;34mINFO[0;39m] [main] o.s.b.a.s.s.UserDetailsServiceAutoConfiguration [36m[UserDetailsServiceAutoConfiguration.java:86][0;39m 

Using generated security password: a0a9064e-2d10-48ee-90eb-625eafbc2689

2024-03-07 09:04:11,081 [[1;34mINFO[0;39m] [main] o.s.s.w.DefaultSecurityFilterChain [36m[DefaultSecurityFilterChain.java:51][0;39m Will secure any request with [org.springframework.security.web.context.request.async.WebAsyncManagerIntegrationFilter@7c16cc25, org.springframework.security.web.context.SecurityContextPersistenceFilter@5eaa4ed0, org.springframework.security.web.header.HeaderWriterFilter@57330423, org.springframework.web.filter.CorsFilter@4f96e484, org.springframework.security.web.authentication.logout.LogoutFilter@251db193, org.springframework.security.web.savedrequest.RequestCacheAwareFilter@381c826c, org.springframework.security.web.servletapi.SecurityContextHolderAwareRequestFilter@36dbfa68, org.springframework.security.web.authentication.AnonymousAuthenticationFilter@3cc5ca01, org.springframework.security.web.session.SessionManagementFilter@c3e5e3c, org.springframework.security.web.access.ExceptionTranslationFilter@3b22bcad, org.springframework.security.web.access.intercept.FilterSecurityInterceptor@2f1b8770]
2024-03-07 09:04:11,474 [[1;34mINFO[0;39m] [main] o.s.b.w.e.t.TomcatWebServer [36m[TomcatWebServer.java:220][0;39m Tomcat started on port(s): 8080 (http) with context path ''
2024-03-07 09:04:11,496 [[1;34mINFO[0;39m] [main] c.s.s.SunApplication [36m[StartupInfoLogger.java:61][0;39m Started SunApplication in 23.484 seconds (JVM running for 24.799)
